#
# A fatal error has been detected by the Java Runtime Environment:
#
#  EXCEPTION_ACCESS_VIOLATION (0xc0000005) at pc=0x000000006438a940, pid=9500, tid=0x00000000000013e4
#
# JRE version: OpenJDK Runtime Environment (8.0_152-b06) (build 1.8.0_152-release-1136-b06)
# Java VM: OpenJDK 64-Bit Server VM (25.152-b06 mixed mode windows-amd64 compressed oops)
# Problematic frame:
# V  [jvm.dll+0x8a940]
#
# Failed to write core dump. Minidumps are not enabled by default on client versions of Windows
#
# If you would like to submit a bug report, please visit:
#   http://bugreport.java.com/bugreport/crash.jsp
#

---------------  T H R E A D  ---------------

Current thread (0x00000000024e7000):  GCTaskThread [stack: 0x0000000011ea0000,0x0000000011fa0000] [id=5092]

siginfo: ExceptionCode=0xc0000005, reading address 0x000000000001d9f8

Registers:
RAX=0x0000000000000002, RBX=0x00000000f84a4428, RCX=0x00000000f84a4428, RDX=0x000000000001d9f0
RSP=0x0000000011f9f9a8, RBP=0x00000000119c667a, RSI=0x0000000016143040, RDI=0x00000000a6ccf280
R8 =0x0000000016143040, R9 =0x0000000000000022, R10=0x0000000000000008, R11=0x00000000fa560138
R12=0x00000000119c6247, R13=0x3b79726f74636146, R14=0x0000000000000000, R15=0x00000000024dd760
RIP=0x000000006438a940, EFLAGS=0x0000000000010206

Top of Stack: (sp=0x0000000011f9f9a8)
0x0000000011f9f9a8:   00000000646cca32 00000000f9406e18
0x0000000011f9f9b8:   0000000000000005 0000000016143040
0x0000000011f9f9c8:   00000000f7f23bf1 00000000fa558148
0x0000000011f9f9d8:   0000000000001000 00000000a76fc558
0x0000000011f9f9e8:   0000000000000400 0000000000000000
0x0000000011f9f9f8:   0000000016143000 00000000119c6247
0x0000000011f9fa08:   00000000646ccda0 00000000a6c61ca0
0x0000000011f9fa18:   00000000119c667a 0000000016143040
0x0000000011f9fa28:   00000000a6ccf280 00000000a6c61ca0
0x0000000011f9fa38:   00000000646cd945 00000000f34a6648
0x0000000011f9fa48:   000000001199f581 0000000016143040
0x0000000011f9fa58:   0000000000000004 0000000016143040
0x0000000011f9fa68:   00007ffcb4849252 00000000a1ba5ebc
0x0000000011f9fa78:   00000000643ef747 0000000016143040
0x0000000011f9fa88:   00000000643ed903 00000000a6ccf201
0x0000000011f9fa98:   00000000a6ccf201 00000000a6c4f128 

Instructions: (pc=0x000000006438a940)
0x000000006438a920:   ac 50 1d 00 48 8b 9c 24 c0 00 00 00 48 81 c4 b0
0x000000006438a930:   00 00 00 5d c3 cc cc cc cc cc cc cc cc cc cc cc
0x000000006438a940:   44 8b 42 08 4c 8b ca 45 85 c0 7e 0e 41 f6 c0 01
0x000000006438a950:   75 57 41 c1 f8 03 41 8b c0 c3 79 4d 80 3d 9e 10 


Register to memory mapping:

RAX=0x0000000000000002 is an unknown value
RBX=0x00000000f84a4428 is an oop

[error occurred during error reporting (printing register info), id 0xc0000005]

Stack: [0x0000000011ea0000,0x0000000011fa0000],  sp=0x0000000011f9f9a8,  free space=1022k
Native frames: (J=compiled Java code, j=interpreted, Vv=VM code, C=native code)
V  [jvm.dll+0x8a940]


---------------  P R O C E S S  ---------------

Java Threads: ( => current thread )
  0x000000001b836800 JavaThread "Cache worker for Java compile cache (D:\doc\data mahasiswa\AndroidProject\KelasMade\sub 3\SearchMovie\.gradle\4.6\javaCompile)" [_thread_blocked, id=4596, stack(0x000000003e170000,0x000000003e270000)]
  0x000000001b82e000 JavaThread "Task worker for ':' Thread 5" [_thread_blocked, id=6712, stack(0x000000003e070000,0x000000003e170000)]
  0x000000001b835000 JavaThread "Task worker for ':' Thread 4" [_thread_blocked, id=7948, stack(0x000000003df70000,0x000000003e070000)]
  0x000000001b82d800 JavaThread "Task worker for ':' Thread 3" [_thread_blocked, id=8672, stack(0x000000003de70000,0x000000003df70000)]
  0x000000001b830800 JavaThread "Task worker for ':' Thread 2" [_thread_blocked, id=10580, stack(0x000000003dd70000,0x000000003de70000)]
  0x000000001b831800 JavaThread "Task worker for ':'" [_thread_blocked, id=10316, stack(0x000000003dc70000,0x000000003dd70000)]
  0x000000001b834800 JavaThread "Cache worker for Build Output Cleanup Cache (D:\doc\data mahasiswa\AndroidProject\KelasMade\sub 3\SearchMovie\.gradle\buildOutputCleanup)" [_thread_blocked, id=10740, stack(0x000000003db70000,0x000000003dc70000)]
  0x000000001b82c800 JavaThread "Cache worker for task history cache (D:\doc\data mahasiswa\AndroidProject\KelasMade\sub 3\SearchMovie\.gradle\4.6\taskHistory)" [_thread_blocked, id=1132, stack(0x000000003da70000,0x000000003db70000)]
  0x000000001b833000 JavaThread "Cache worker for file content cache (D:\doc\data mahasiswa\AndroidProject\KelasMade\sub 3\SearchMovie\.gradle\4.6\fileContent)" [_thread_blocked, id=7852, stack(0x000000003d970000,0x000000003da70000)]
  0x000000001b82f800 JavaThread "Build operations Thread 6" [_thread_blocked, id=2684, stack(0x000000003d870000,0x000000003d970000)]
  0x000000001b833800 JavaThread "Build operations Thread 5" [_thread_blocked, id=8604, stack(0x000000003d770000,0x000000003d870000)]
  0x000000001b912800 JavaThread "Build operations Thread 4" [_thread_blocked, id=2900, stack(0x000000003d670000,0x000000003d770000)]
  0x000000001b910800 JavaThread "Build operations Thread 3" [_thread_blocked, id=8876, stack(0x000000003d570000,0x000000003d670000)]
  0x000000001b90f800 JavaThread "Build operations Thread 2" [_thread_blocked, id=760, stack(0x000000003d470000,0x000000003d570000)]
  0x000000001b90f000 JavaThread "Build operations" [_thread_blocked, id=9564, stack(0x000000003d370000,0x000000003d470000)]
  0x000000001b90e000 JavaThread "Cache worker for Artifact transforms cache (C:\Users\donger\.gradle\caches\transforms-1)" [_thread_blocked, id=7184, stack(0x000000003d270000,0x000000003d370000)]
  0x000000001b905000 JavaThread "Cache worker for file hash cache (D:\doc\data mahasiswa\AndroidProject\KelasMade\sub 3\SearchMovie\.gradle\4.6\fileHashes)" [_thread_blocked, id=9620, stack(0x000000003d170000,0x000000003d270000)]
  0x000000001b904000 JavaThread "Stdin handler" [_thread_blocked, id=9680, stack(0x000000003d070000,0x000000003d170000)]
  0x000000001b90b000 JavaThread "Asynchronous log dispatcher for DefaultDaemonConnection: socket connection from /127.0.0.1:53875 to /127.0.0.1:54544" [_thread_blocked, id=1224, stack(0x000000003cf70000,0x000000003d070000)]
  0x000000001b903800 JavaThread "Daemon worker Thread 11" [_thread_blocked, id=6776, stack(0x000000003ce70000,0x000000003cf70000)]
  0x000000001b907000 JavaThread "Cancel handler" [_thread_blocked, id=11580, stack(0x000000003cd70000,0x000000003ce70000)]
  0x000000001b906800 JavaThread "Handler for socket connection from /127.0.0.1:53875 to /127.0.0.1:54544" [_thread_in_native, id=4372, stack(0x000000003cc70000,0x000000003cd70000)]
  0x000000001b90a000 JavaThread "Daemon Thread 11" [_thread_blocked, id=9364, stack(0x000000003cb70000,0x000000003cc70000)]
  0x000000001b82b000 JavaThread "pool-1-thread-1" [_thread_blocked, id=7160, stack(0x0000000027c70000,0x0000000027d70000)]
  0x000000001b908800 JavaThread "Memory manager" [_thread_blocked, id=7696, stack(0x000000001fed0000,0x000000001ffd0000)]
  0x0000000019883000 JavaThread "File lock request listener" [_thread_in_native, id=4080, stack(0x000000001b230000,0x000000001b330000)]
  0x000000001989a000 JavaThread "Cache worker for file hash cache (C:\Users\donger\.gradle\caches\4.6\fileHashes)" [_thread_blocked, id=11620, stack(0x000000001b130000,0x000000001b230000)]
  0x000000001963f000 JavaThread "Daemon periodic checks" [_thread_blocked, id=3768, stack(0x000000001a630000,0x000000001a730000)]
  0x00000000193ff800 JavaThread "Incoming local TCP Connector on port 53875" [_thread_in_native, id=4140, stack(0x000000001a3f0000,0x000000001a4f0000)]
  0x0000000018153800 JavaThread "Service Thread" daemon [_thread_blocked, id=8552, stack(0x00000000184e0000,0x00000000185e0000)]
  0x0000000016183000 JavaThread "C1 CompilerThread2" daemon [_thread_blocked, id=11480, stack(0x0000000017fe0000,0x00000000180e0000)]
  0x0000000016182800 JavaThread "C2 CompilerThread1" daemon [_thread_blocked, id=12220, stack(0x0000000017ee0000,0x0000000017fe0000)]
  0x000000001617f000 JavaThread "C2 CompilerThread0" daemon [_thread_blocked, id=9696, stack(0x0000000017de0000,0x0000000017ee0000)]
  0x000000001617a800 JavaThread "Attach Listener" daemon [_thread_blocked, id=9212, stack(0x0000000017ce0000,0x0000000017de0000)]
  0x0000000016187000 JavaThread "Signal Dispatcher" daemon [_thread_blocked, id=6772, stack(0x0000000017be0000,0x0000000017ce0000)]
  0x000000001616a800 JavaThread "Finalizer" daemon [_thread_blocked, id=1620, stack(0x00000000179f0000,0x0000000017af0000)]
  0x00000000025c3800 JavaThread "Reference Handler" daemon [_thread_blocked, id=11776, stack(0x00000000178f0000,0x00000000179f0000)]
  0x00000000024cd800 JavaThread "main" [_thread_blocked, id=1484, stack(0x00000000022e0000,0x00000000023e0000)]

Other Threads:
  0x0000000016146800 VMThread [stack: 0x00000000177f0000,0x00000000178f0000] [id=3372]
  0x0000000018154800 WatcherThread [stack: 0x00000000185e0000,0x00000000186e0000] [id=3720]

=>0x00000000024e7000 (exited) GCTaskThread [stack: 0x0000000011ea0000,0x0000000011fa0000] [id=5092]

VM state:at safepoint (normal execution)

VM Mutex/Monitor currently owned by a thread:  ([mutex/lock_event])
[0x00000000024cd090] Threads_lock - owner thread: 0x0000000016146800
[0x00000000024cc790] Heap_lock - owner thread: 0x000000001b831800

Heap:
 PSYoungGen      total 389120K, used 387403K [0x00000000e0000000, 0x00000000fb980000, 0x0000000100000000)
  eden space 350720K, 99% used [0x00000000e0000000,0x00000000f54da948,0x00000000f5680000)
  from space 38400K, 99% used [0x00000000f7000000,0x00000000f9578688,0x00000000f9580000)
  to   space 36864K, 99% used [0x00000000f9580000,0x00000000fb97b2e0,0x00000000fb980000)
 ParOldGen       total 195584K, used 134582K [0x00000000a0000000, 0x00000000abf00000, 0x00000000e0000000)
  object space 195584K, 68% used [0x00000000a0000000,0x00000000a836d880,0x00000000abf00000)
 Metaspace       used 83660K, capacity 87596K, committed 87808K, reserved 1126400K
  class space    used 10501K, capacity 11231K, committed 11264K, reserved 1048576K

Card table byte_map: [0x0000000011990000,0x0000000011ca0000] byte_map_base: 0x0000000011490000

Marking Bits: (ParMarkBitMap*) 0x0000000064ac5aa0
 Begin Bits: [0x00000000124a0000, 0x0000000013ca0000)
 End Bits:   [0x0000000013ca0000, 0x00000000154a0000)

Polling page: 0x0000000000480000

CodeCache: size=245760Kb used=57524Kb max_used=57535Kb free=188235Kb
 bounds [0x00000000025d0000, 0x0000000005e70000, 0x00000000115d0000]
 total_blobs=17708 nmethods=16858 adapters=761
 compilation: enabled

Compilation events (10 events):
Event: 2697.944 Thread 0x0000000016183000 nmethod 21754 0x0000000004648390 code [0x0000000004648560, 0x0000000004648e88]
Event: 2697.944 Thread 0x0000000016183000 21755       3       com.sun.tools.javac.parser.JavacParser$AbstractEndPosTable::setParser (6 bytes)
Event: 2697.944 Thread 0x0000000016183000 nmethod 21755 0x00000000030eda50 code [0x00000000030edba0, 0x00000000030edd10]
Event: 2697.945 Thread 0x0000000016182800 nmethod 21745 0x0000000003cea790 code [0x0000000003cea920, 0x0000000003ceaf48]
Event: 2697.951 Thread 0x000000001617f000 21756       4       java.nio.charset.CharsetDecoder::onUnmappableCharacter (26 bytes)
Event: 2697.951 Thread 0x000000001617f000 nmethod 21756 0x000000000546d950 code [0x000000000546da80, 0x000000000546db18]
Event: 2697.973 Thread 0x0000000016182800 21757       4       com.sun.tools.javac.parser.UnicodeReader::<init> (102 bytes)
Event: 2697.974 Thread 0x000000001617f000 21758       4       com.sun.tools.javac.parser.JavaTokenizer::addComment (17 bytes)
Event: 2697.975 Thread 0x000000001617f000 nmethod 21758 0x0000000004737a50 code [0x0000000004737ba0, 0x0000000004737c98]
Event: 2697.975 Thread 0x000000001617f000 21759       4       com.sun.tools.javac.parser.JavaTokenizer::processComment (36 bytes)

GC Heap History (10 events):
Event: 1566.632 GC heap after
Heap after GC invocations=31 (full 4):
 PSYoungGen      total 453120K, used 21239K [0x00000000e0000000, 0x0000000100000000, 0x0000000100000000)
  eden space 414208K, 0% used [0x00000000e0000000,0x00000000e0000000,0x00000000f9480000)
  from space 38912K, 54% used [0x00000000f9480000,0x00000000fa93de00,0x00000000fba80000)
  to   space 38912K, 0% used [0x00000000fda00000,0x00000000fda00000,0x0000000100000000)
 ParOldGen       total 195584K, used 105580K [0x00000000a0000000, 0x00000000abf00000, 0x00000000e0000000)
  object space 195584K, 53% used [0x00000000a0000000,0x00000000a671b120,0x00000000abf00000)
 Metaspace       used 82603K, capacity 86358K, committed 86528K, reserved 1124352K
  class space    used 10478K, capacity 11192K, committed 11264K, reserved 1048576K
}
Event: 1748.550 GC heap before
{Heap before GC invocations=32 (full 4):
 PSYoungGen      total 453120K, used 435447K [0x00000000e0000000, 0x0000000100000000, 0x0000000100000000)
  eden space 414208K, 100% used [0x00000000e0000000,0x00000000f9480000,0x00000000f9480000)
  from space 38912K, 54% used [0x00000000f9480000,0x00000000fa93de00,0x00000000fba80000)
  to   space 38912K, 0% used [0x00000000fda00000,0x00000000fda00000,0x0000000100000000)
 ParOldGen       total 195584K, used 105580K [0x00000000a0000000, 0x00000000abf00000, 0x00000000e0000000)
  object space 195584K, 53% used [0x00000000a0000000,0x00000000a671b120,0x00000000abf00000)
 Metaspace       used 82902K, capacity 86890K, committed 87040K, reserved 1124352K
  class space    used 10498K, capacity 11226K, committed 11264K, reserved 1048576K
Event: 1748.582 GC heap after
Heap after GC invocations=32 (full 4):
 PSYoungGen      total 424960K, used 27138K [0x00000000e0000000, 0x00000000ff500000, 0x0000000100000000)
  eden space 397312K, 0% used [0x00000000e0000000,0x00000000e0000000,0x00000000f8400000)
  from space 27648K, 98% used [0x00000000fda00000,0x00000000ff4808f8,0x00000000ff500000)
  to   space 41472K, 0% used [0x00000000fa400000,0x00000000fa400000,0x00000000fcc80000)
 ParOldGen       total 195584K, used 105588K [0x00000000a0000000, 0x00000000abf00000, 0x00000000e0000000)
  object space 195584K, 53% used [0x00000000a0000000,0x00000000a671d120,0x00000000abf00000)
 Metaspace       used 82902K, capacity 86890K, committed 87040K, reserved 1124352K
  class space    used 10498K, capacity 11226K, committed 11264K, reserved 1048576K
}
Event: 1886.251 GC heap before
{Heap before GC invocations=33 (full 4):
 PSYoungGen      total 424960K, used 424450K [0x00000000e0000000, 0x00000000ff500000, 0x0000000100000000)
  eden space 397312K, 100% used [0x00000000e0000000,0x00000000f8400000,0x00000000f8400000)
  from space 27648K, 98% used [0x00000000fda00000,0x00000000ff4808f8,0x00000000ff500000)
  to   space 41472K, 0% used [0x00000000fa400000,0x00000000fa400000,0x00000000fcc80000)
 ParOldGen       total 195584K, used 105588K [0x00000000a0000000, 0x00000000abf00000, 0x00000000e0000000)
  object space 195584K, 53% used [0x00000000a0000000,0x00000000a671d120,0x00000000abf00000)
 Metaspace       used 83055K, capacity 86974K, committed 87040K, reserved 1124352K
  class space    used 10499K, capacity 11228K, committed 11264K, reserved 1048576K
Event: 1886.270 GC heap after
Heap after GC invocations=33 (full 4):
 PSYoungGen      total 393728K, used 12404K [0x00000000e0000000, 0x00000000fda80000, 0x0000000100000000)
  eden space 380928K, 0% used [0x00000000e0000000,0x00000000e0000000,0x00000000f7400000)
  from space 12800K, 96% used [0x00000000fa400000,0x00000000fb01d040,0x00000000fb080000)
  to   space 39424K, 0% used [0x00000000fb400000,0x00000000fb400000,0x00000000fda80000)
 ParOldGen       total 195584K, used 105596K [0x00000000a0000000, 0x00000000abf00000, 0x00000000e0000000)
  object space 195584K, 53% used [0x00000000a0000000,0x00000000a671f120,0x00000000abf00000)
 Metaspace       used 83055K, capacity 86974K, committed 87040K, reserved 1124352K
  class space    used 10499K, capacity 11228K, committed 11264K, reserved 1048576K
}
Event: 1918.943 GC heap before
{Heap before GC invocations=34 (full 4):
 PSYoungGen      total 393728K, used 393332K [0x00000000e0000000, 0x00000000fda80000, 0x0000000100000000)
  eden space 380928K, 100% used [0x00000000e0000000,0x00000000f7400000,0x00000000f7400000)
  from space 12800K, 96% used [0x00000000fa400000,0x00000000fb01d040,0x00000000fb080000)
  to   space 39424K, 0% used [0x00000000fb400000,0x00000000fb400000,0x00000000fda80000)
 ParOldGen       total 195584K, used 105596K [0x00000000a0000000, 0x00000000abf00000, 0x00000000e0000000)
  object space 195584K, 53% used [0x00000000a0000000,0x00000000a671f120,0x00000000abf00000)
 Metaspace       used 83222K, capacity 87236K, committed 87296K, reserved 1126400K
  class space    used 10500K, capacity 11229K, committed 11264K, reserved 1048576K
Event: 1918.957 GC heap after
Heap after GC invocations=34 (full 4):
 PSYoungGen      total 372736K, used 6719K [0x00000000e0000000, 0x00000000fbb00000, 0x0000000100000000)
  eden space 365568K, 0% used [0x00000000e0000000,0x00000000e0000000,0x00000000f6500000)
  from space 7168K, 93% used [0x00000000fb400000,0x00000000fba8fc38,0x00000000fbb00000)
  to   space 38400K, 0% used [0x00000000f7000000,0x00000000f7000000,0x00000000f9580000)
 ParOldGen       total 195584K, used 105604K [0x00000000a0000000, 0x00000000abf00000, 0x00000000e0000000)
  object space 195584K, 53% used [0x00000000a0000000,0x00000000a6721120,0x00000000abf00000)
 Metaspace       used 83222K, capacity 87236K, committed 87296K, reserved 1126400K
  class space    used 10500K, capacity 11229K, committed 11264K, reserved 1048576K
}
Event: 1982.130 GC heap before
{Heap before GC invocations=35 (full 4):
 PSYoungGen      total 372736K, used 372287K [0x00000000e0000000, 0x00000000fbb00000, 0x0000000100000000)
  eden space 365568K, 100% used [0x00000000e0000000,0x00000000f6500000,0x00000000f6500000)
  from space 7168K, 93% used [0x00000000fb400000,0x00000000fba8fc38,0x00000000fbb00000)
  to   space 38400K, 0% used [0x00000000f7000000,0x00000000f7000000,0x00000000f9580000)
 ParOldGen       total 195584K, used 105604K [0x00000000a0000000, 0x00000000abf00000, 0x00000000e0000000)
  object space 195584K, 53% used [0x00000000a0000000,0x00000000a6721120,0x00000000abf00000)
 Metaspace       used 83467K, capacity 87452K, committed 87552K, reserved 1126400K
  class space    used 10500K, capacity 11229K, committed 11264K, reserved 1048576K
Event: 1982.194 GC heap after
Heap after GC invocations=35 (full 4):
 PSYoungGen      total 389120K, used 38369K [0x00000000e0000000, 0x00000000fb980000, 0x0000000100000000)
  eden space 350720K, 0% used [0x00000000e0000000,0x00000000e0000000,0x00000000f5680000)
  from space 38400K, 99% used [0x00000000f7000000,0x00000000f9578688,0x00000000f9580000)
  to   space 36864K, 0% used [0x00000000f9580000,0x00000000f9580000,0x00000000fb980000)
 ParOldGen       total 195584K, used 121753K [0x00000000a0000000, 0x00000000abf00000, 0x00000000e0000000)
  object space 195584K, 62% used [0x00000000a0000000,0x00000000a76e6548,0x00000000abf00000)
 Metaspace       used 83467K, capacity 87452K, committed 87552K, reserved 1126400K
  class space    used 10500K, capacity 11229K, committed 11264K, reserved 1048576K
}
Event: 2697.978 GC heap before
{Heap before GC invocations=36 (full 4):
 PSYoungGen      total 389120K, used 387403K [0x00000000e0000000, 0x00000000fb980000, 0x0000000100000000)
  eden space 350720K, 99% used [0x00000000e0000000,0x00000000f54da948,0x00000000f5680000)
  from space 38400K, 99% used [0x00000000f7000000,0x00000000f9578688,0x00000000f9580000)
  to   space 36864K, 0% used [0x00000000f9580000,0x00000000f9580000,0x00000000fb980000)
 ParOldGen       total 195584K, used 121753K [0x00000000a0000000, 0x00000000abf00000, 0x00000000e0000000)
  object space 195584K, 62% used [0x00000000a0000000,0x00000000a76e6548,0x00000000abf00000)
 Metaspace       used 83660K, capacity 87596K, committed 87808K, reserved 1126400K
  class space    used 10501K, capacity 11231K, committed 11264K, reserved 1048576K

Deoptimization events (10 events):
Event: 1918.875 Thread 0x000000001b833000 Uncommon trap: reason=class_check action=maybe_recompile pc=0x00000000054946cc method=java.util.concurrent.ThreadPoolExecutor.getTask()Ljava/lang/Runnable; @ 139
Event: 1918.908 Thread 0x000000001b834800 Uncommon trap: reason=class_check action=maybe_recompile pc=0x00000000054946cc method=java.util.concurrent.ThreadPoolExecutor.getTask()Ljava/lang/Runnable; @ 139
Event: 1918.968 Thread 0x000000001b834800 Uncommon trap: reason=null_check action=make_not_entrant pc=0x0000000005443470 method=java.lang.ThreadLocal$ThreadLocalMap.expungeStaleEntry(I)I @ 51
Event: 1919.190 Thread 0x000000001b834800 Uncommon trap: reason=null_check action=make_not_entrant pc=0x000000000317dce0 method=java.lang.ThreadLocal$ThreadLocalMap.getEntryAfterMiss(Ljava/lang/ThreadLocal;ILjava/lang/ThreadLocal$ThreadLocalMap$Entry;)Ljava/lang/ThreadLocal$ThreadLocalMap$Entry; 
Event: 1977.945 Thread 0x000000001b833000 Uncommon trap: reason=class_check action=maybe_recompile pc=0x00000000054946cc method=java.util.concurrent.ThreadPoolExecutor.getTask()Ljava/lang/Runnable; @ 139
Event: 1977.974 Thread 0x000000001b834800 Uncommon trap: reason=class_check action=maybe_recompile pc=0x00000000054946cc method=java.util.concurrent.ThreadPoolExecutor.getTask()Ljava/lang/Runnable; @ 139
Event: 1978.510 Thread 0x000000001b912800 Uncommon trap: reason=unstable_if action=reinterpret pc=0x0000000003d45d50 method=java.util.concurrent.ConcurrentHashMap.addCount(JI)V @ 168
Event: 1978.530 Thread 0x000000001b90f000 Uncommon trap: reason=unstable_if action=reinterpret pc=0x0000000004eab7b0 method=com.google.common.cache.LongAdder.add(J)V @ 95
Event: 1981.332 Thread 0x000000001b82c800 Uncommon trap: reason=unstable_if action=reinterpret pc=0x0000000003990f7c method=java.util.concurrent.locks.LockSupport.unpark(Ljava/lang/Thread;)V @ 1
Event: 1981.709 Thread 0x000000001988d000 Uncommon trap: reason=unstable_if action=reinterpret pc=0x00000000050d9c44 method=java.util.concurrent.ForkJoinPool.helpStealer(Ljava/util/concurrent/ForkJoinPool$WorkQueue;Ljava/util/concurrent/ForkJoinTask;)V @ 44

Classes redefined (0 events):
No events

Internal exceptions (10 events):
Event: 2696.700 Thread 0x000000001b903800 Exception <a 'sun/nio/fs/WindowsException'> (0x00000000f01dabe0) thrown at [D:\src\AOSP-openjdk-cygwin\jdk8u\hotspot\src\share\vm\prims\jni.cpp, line 709]
Event: 2696.700 Thread 0x000000001b903800 Exception <a 'sun/nio/fs/WindowsException'> (0x00000000f01db5d0) thrown at [D:\src\AOSP-openjdk-cygwin\jdk8u\hotspot\src\share\vm\prims\jni.cpp, line 709]
Event: 2696.701 Thread 0x000000001b903800 Exception <a 'sun/nio/fs/WindowsException'> (0x00000000f01de060) thrown at [D:\src\AOSP-openjdk-cygwin\jdk8u\hotspot\src\share\vm\prims\jni.cpp, line 709]
Event: 2696.701 Thread 0x000000001b903800 Exception <a 'sun/nio/fs/WindowsException'> (0x00000000f01dea40) thrown at [D:\src\AOSP-openjdk-cygwin\jdk8u\hotspot\src\share\vm\prims\jni.cpp, line 709]
Event: 2696.701 Thread 0x000000001b903800 Exception <a 'sun/nio/fs/WindowsException'> (0x00000000f01e06f8) thrown at [D:\src\AOSP-openjdk-cygwin\jdk8u\hotspot\src\share\vm\prims\jni.cpp, line 709]
Event: 2696.701 Thread 0x000000001b903800 Exception <a 'sun/nio/fs/WindowsException'> (0x00000000f01e10f8) thrown at [D:\src\AOSP-openjdk-cygwin\jdk8u\hotspot\src\share\vm\prims\jni.cpp, line 709]
Event: 2696.701 Thread 0x000000001b903800 Exception <a 'sun/nio/fs/WindowsException'> (0x00000000f01e3a08) thrown at [D:\src\AOSP-openjdk-cygwin\jdk8u\hotspot\src\share\vm\prims\jni.cpp, line 709]
Event: 2696.701 Thread 0x000000001b903800 Exception <a 'sun/nio/fs/WindowsException'> (0x00000000f01e4408) thrown at [D:\src\AOSP-openjdk-cygwin\jdk8u\hotspot\src\share\vm\prims\jni.cpp, line 709]
Event: 2696.701 Thread 0x000000001b903800 Exception <a 'sun/nio/fs/WindowsException'> (0x00000000f01e6110) thrown at [D:\src\AOSP-openjdk-cygwin\jdk8u\hotspot\src\share\vm\prims\jni.cpp, line 709]
Event: 2696.701 Thread 0x000000001b903800 Exception <a 'sun/nio/fs/WindowsException'> (0x00000000f01e6b20) thrown at [D:\src\AOSP-openjdk-cygwin\jdk8u\hotspot\src\share\vm\prims\jni.cpp, line 709]

Events (10 events):
Event: 2696.937 Executing VM operation: RevokeBias done
Event: 2696.941 Thread 0x000000001617f000 flushing nmethod 0x0000000004a87290
Event: 2696.942 Thread 0x000000001617f000 flushing nmethod 0x0000000004b36b50
Event: 2696.944 Thread 0x000000001617f000 flushing nmethod 0x0000000004ed3c10
Event: 2696.944 Thread 0x000000001617f000 flushing nmethod 0x0000000004eec650
Event: 2696.945 Thread 0x000000001617f000 flushing nmethod 0x00000000050e6e50
Event: 2696.962 Thread 0x000000001617f000 flushing nmethod 0x0000000005724bd0
Event: 2696.964 Thread 0x000000001617f000 flushing nmethod 0x0000000005cecc50
Event: 2697.369 Thread 0x000000001b836800 Thread added: 0x000000001b836800
Event: 2697.978 Executing VM operation: ParallelGCFailedAllocation


Dynamic libraries:
0x00007ff6a8950000 - 0x00007ff6a8981000 	C:\Program Files\Android\Android Studio\jre\bin\java.exe
0x00007ffcb7950000 - 0x00007ffcb7b31000 	C:\WINDOWS\SYSTEM32\ntdll.dll
0x00007ffcb4e70000 - 0x00007ffcb4f22000 	C:\WINDOWS\System32\KERNEL32.DLL
0x00007ffcb4810000 - 0x00007ffcb4a83000 	C:\WINDOWS\System32\KERNELBASE.dll
0x00007ffcb7740000 - 0x00007ffcb77e1000 	C:\WINDOWS\System32\ADVAPI32.dll
0x00007ffcb5750000 - 0x00007ffcb57ee000 	C:\WINDOWS\System32\msvcrt.dll
0x00007ffcb5600000 - 0x00007ffcb565b000 	C:\WINDOWS\System32\sechost.dll
0x00007ffcb77f0000 - 0x00007ffcb7914000 	C:\WINDOWS\System32\RPCRT4.dll
0x00007ffcb7550000 - 0x00007ffcb76e0000 	C:\WINDOWS\System32\USER32.dll
0x00007ffcb4090000 - 0x00007ffcb40b0000 	C:\WINDOWS\System32\win32u.dll
0x00007ffcb5540000 - 0x00007ffcb5568000 	C:\WINDOWS\System32\GDI32.dll
0x00007ffcb4a90000 - 0x00007ffcb4c22000 	C:\WINDOWS\System32\gdi32full.dll
0x00007ffcb3d20000 - 0x00007ffcb3dbf000 	C:\WINDOWS\System32\msvcp_win.dll
0x00007ffcb4ce0000 - 0x00007ffcb4dda000 	C:\WINDOWS\System32\ucrtbase.dll
0x00007ffcac9e0000 - 0x00007ffcacc49000 	C:\WINDOWS\WinSxS\amd64_microsoft.windows.common-controls_6595b64144ccf1df_6.0.17134.523_none_fb409dd930672a56\COMCTL32.dll
0x00007ffcb7200000 - 0x00007ffcb7522000 	C:\WINDOWS\System32\combase.dll
0x00007ffcb4010000 - 0x00007ffcb408a000 	C:\WINDOWS\System32\bcryptPrimitives.dll
0x00007ffcb5570000 - 0x00007ffcb559d000 	C:\WINDOWS\System32\IMM32.DLL
0x0000000064140000 - 0x0000000064212000 	C:\Program Files\Android\Android Studio\jre\jre\bin\msvcr100.dll
0x0000000064300000 - 0x0000000064b41000 	C:\Program Files\Android\Android Studio\jre\jre\bin\server\jvm.dll
0x00007ffcb4e60000 - 0x00007ffcb4e68000 	C:\WINDOWS\System32\PSAPI.DLL
0x00007ffca3a60000 - 0x00007ffca3a69000 	C:\WINDOWS\SYSTEM32\WSOCK32.dll
0x00007ffcb1fa0000 - 0x00007ffcb1fc3000 	C:\WINDOWS\SYSTEM32\WINMM.dll
0x00007ffcb0040000 - 0x00007ffcb004a000 	C:\WINDOWS\SYSTEM32\VERSION.dll
0x00007ffcb5970000 - 0x00007ffcb59dc000 	C:\WINDOWS\System32\WS2_32.dll
0x00007ffcb1f40000 - 0x00007ffcb1f6a000 	C:\WINDOWS\SYSTEM32\winmmbase.dll
0x00007ffcb40b0000 - 0x00007ffcb40f9000 	C:\WINDOWS\System32\cfgmgr32.dll
0x00007ffca05a0000 - 0x00007ffca05af000 	C:\Program Files\Android\Android Studio\jre\jre\bin\verify.dll
0x00007ffc9eef0000 - 0x00007ffc9ef19000 	C:\Program Files\Android\Android Studio\jre\jre\bin\java.dll
0x00007ffc9cd10000 - 0x00007ffc9cd26000 	C:\Program Files\Android\Android Studio\jre\jre\bin\zip.dll
0x00007ffcb5c30000 - 0x00007ffcb7070000 	C:\WINDOWS\System32\SHELL32.dll
0x00007ffcb59e0000 - 0x00007ffcb5a89000 	C:\WINDOWS\System32\shcore.dll
0x00007ffcb4100000 - 0x00007ffcb480d000 	C:\WINDOWS\System32\windows.storage.dll
0x00007ffcb55a0000 - 0x00007ffcb55f1000 	C:\WINDOWS\System32\shlwapi.dll
0x00007ffcb3d00000 - 0x00007ffcb3d11000 	C:\WINDOWS\System32\kernel.appcore.dll
0x00007ffcb3c70000 - 0x00007ffcb3c8f000 	C:\WINDOWS\System32\profapi.dll
0x00007ffcb3cb0000 - 0x00007ffcb3cfc000 	C:\WINDOWS\System32\powrprof.dll
0x00007ffcb3c60000 - 0x00007ffcb3c6a000 	C:\WINDOWS\System32\FLTLIB.DLL
0x00007ffc9ba30000 - 0x00007ffc9ba4a000 	C:\Program Files\Android\Android Studio\jre\jre\bin\net.dll
0x00007ffcb3430000 - 0x00007ffcb3496000 	C:\WINDOWS\system32\mswsock.dll
0x00007ffc9b0d0000 - 0x00007ffc9b0e1000 	C:\Program Files\Android\Android Studio\jre\jre\bin\nio.dll
0x00007ffca38a0000 - 0x00007ffca38be000 	C:\Users\donger\.gradle\native\25\windows-amd64\native-platform.dll
0x00007ffc9fb90000 - 0x00007ffc9fb9d000 	C:\Program Files\Android\Android Studio\jre\jre\bin\management.dll
0x00007ffcb3970000 - 0x00007ffcb3987000 	C:\WINDOWS\SYSTEM32\CRYPTSP.dll
0x00007ffcb3020000 - 0x00007ffcb3053000 	C:\WINDOWS\system32\rsaenh.dll
0x00007ffcb3940000 - 0x00007ffcb3965000 	C:\WINDOWS\SYSTEM32\bcrypt.dll
0x00007ffcb3b90000 - 0x00007ffcb3bb8000 	C:\WINDOWS\SYSTEM32\USERENV.dll
0x00007ffcb3590000 - 0x00007ffcb359b000 	C:\WINDOWS\SYSTEM32\CRYPTBASE.dll
0x00007ffcb31c0000 - 0x00007ffcb31f8000 	C:\WINDOWS\SYSTEM32\IPHLPAPI.DLL
0x00007ffcb71f0000 - 0x00007ffcb71f8000 	C:\WINDOWS\System32\NSI.dll
0x00007ffcaefa0000 - 0x00007ffcaefb6000 	C:\WINDOWS\SYSTEM32\dhcpcsvc6.DLL
0x00007ffcaed80000 - 0x00007ffcaed9a000 	C:\WINDOWS\SYSTEM32\dhcpcsvc.DLL
0x00007ffcb2d10000 - 0x00007ffcb2d41000 	C:\WINDOWS\SYSTEM32\ntmarta.dll
0x00007ffca1e60000 - 0x00007ffca2029000 	C:\WINDOWS\SYSTEM32\dbghelp.dll

VM Arguments:
jvm_args: -Xmx1536m -Dfile.encoding=windows-1252 -Duser.country=US -Duser.language=en -Duser.variant 
java_command: org.gradle.launcher.daemon.bootstrap.GradleDaemon 4.6
java_class_path (initial): C:\Users\donger\.gradle\wrapper\dists\gradle-4.6-all\bcst21l2brirad8k2ben1letg\gradle-4.6\lib\gradle-launcher-4.6.jar
Launcher Type: SUN_STANDARD

Environment Variables:
PATH=C:\Program Files (x86)\Common Files\Oracle\Java\javapath;C:\Program Files (x86)\Common Files\Intel\Shared Files\cpp\bin\Intel64;C:\Windows\system32;C:\Windows;C:\Windows\System32\Wbem;C:\Windows\System32\WindowsPowerShell\v1.0\;C:\Program Files (x86)\NVIDIA Corporation\PhysX\Common;C:\WINDOWS\system32;C:\WINDOWS;C:\WINDOWS\System32\Wbem;C:\WINDOWS\System32\WindowsPowerShell\v1.0\;C:\WINDOWS\System32\OpenSSH\;C:\Users\donger\AppData\Local\Microsoft\WindowsApps;
USERNAME=donger
OS=Windows_NT
PROCESSOR_IDENTIFIER=AMD64 Family 21 Model 2 Stepping 0, AuthenticAMD



---------------  S Y S T E M  ---------------

OS: Windows 10.0 , 64 bit Build 17134 (10.0.17134.1)

CPU:total 6 (initial active 6) (6 cores per cpu, 1 threads per core) family 21 model 2 stepping 0, cmov, cx8, fxsr, mmx, sse, sse2, sse3, ssse3, sse4.1, sse4.2, popcnt, avx, aes, clmul, mmxext, 3dnowpref, lzcnt, sse4a, tsc, tscinvbit, tscinv, bmi1

Memory: 4k page, physical 6186296k(705252k free), swap 11795996k(3809788k free)

vm_info: OpenJDK 64-Bit Server VM (25.152-b06) for windows-amd64 JRE (1.8.0_152-release-1136-b06), built by "builder" with MS VC++ 10.0 (VS2010)

time: Sat Feb 09 20:19:41 2019
elapsed time: 2698 seconds (0d 0h 44m 58s)

